Traceback (most recent call last):
  File "/home/spoon/new_puck/scripts/backfill_seasons.py", line 209, in backfill
    joblib.dump(clf_nested, nested_model_path)
    ~~~~~~~~~~~^^^^^^^^^^^^^^^^^^^^^^^^^^^^^^^
  File "/home/spoon/new_puck/.venv/lib/python3.13/site-packages/joblib/numpy_pickle.py", line 599, in dump
    with open(filename, "wb") as f:
         ~~~~^^^^^^^^^^^^^^^^
FileNotFoundError: [Errno 2] No such file or directory: '/ssd/new_puck/analysis/xgs/xg_model_nested.joblib'
Target Seasons: ['20252026', '20242025', '20232024', '20222023', '20212022', '20202021', '20192020', '20182019', '20172018', '20162017', '20152016']

==========================================
 PHASE 0: DELETING OLD DATA
==========================================

Config: Mode=aggressive, Workers=1, Platform=Pi
Deleting /ssd/new_puck/data/20252026...
Deleting /ssd/new_puck/data/20242025...

==========================================
 PHASE 1: DOWNLOADING & PARSING (Pi Optimized)
==========================================

Fetching games list for 20252026...
Found 89 games for 20252026. Processing sequentially...
  Progress: 0/89 games processed...
  Progress: 50/89 games processed...
Saving 9758 events for 20252026...
Fetching games list for 20242025...
Found 89 games for 20242025. Processing sequentially...
  Progress: 0/89 games processed...
  Progress: 50/89 games processed...
Saving 24173 events for 20242025...
Fetching games list for 20232024...
Found 88 games for 20232024. Processing sequentially...
  Progress: 0/88 games processed...
  Progress: 50/88 games processed...
Saving 23930 events for 20232024...
Fetching games list for 20222023...
Found 88 games for 20222023. Processing sequentially...
  Progress: 0/88 games processed...
  Progress: 50/88 games processed...
Saving 23440 events for 20222023...
Fetching games list for 20212022...
Found 88 games for 20212022. Processing sequentially...
  Progress: 0/88 games processed...
  Progress: 50/88 games processed...
Saving 22788 events for 20212022...
Fetching games list for 20202021...
Found 56 games for 20202021. Processing sequentially...
  Progress: 0/56 games processed...
  Progress: 50/56 games processed...
Saving 14055 events for 20202021...
Fetching games list for 20192020...
Found 93 games for 20192020. Processing sequentially...
  Progress: 0/93 games processed...
  Progress: 50/93 games processed...
Saving 24391 events for 20192020...
Fetching games list for 20182019...
Found 90 games for 20182019. Processing sequentially...
  Progress: 0/90 games processed...
  Progress: 50/90 games processed...
Saving 23750 events for 20182019...
Fetching games list for 20172018...
Found 96 games for 20172018. Processing sequentially...
  Progress: 0/96 games processed...
  Progress: 50/96 games processed...
Saving 24843 events for 20172018...
Fetching games list for 20162017...
Found 90 games for 20162017. Processing sequentially...
  Progress: 0/90 games processed...
  Progress: 50/90 games processed...
Saving 24289 events for 20162017...
Fetching games list for 20152016...
Found 95 games for 20152016. Processing sequentially...
  Progress: 0/95 games processed...
  Progress: 50/95 games processed...
Saving 26283 events for 20152016...

==========================================
 PHASE 2: TRAINING MODELS
==========================================

Loading 20252026 from disk...
Loading 20242025 from disk...
Loading 20232024 from disk...
Loading 20222023 from disk...
Loading 20212022 from disk...
Loading 20202021 from disk...
Loading 20192020 from disk...
Loading 20182019 from disk...
Loading 20172018 from disk...
Loading 20162017 from disk...
Loading 20152016 from disk...
Concatenating 11 seasons...
Total training rows (all events): 241700

--- Training Single Layer Model (No Blocks) ---
Failed Single Layer Training: [Errno 2] No such file or directory: '/ssd/new_puck/analysis/xgs/xg_model_single.joblib'

--- Training Nested Model (With Blocks + Imputation) ---
Applying 'mean_6' imputation...
Failed Nested Training: [Errno 2] No such file or directory: '/ssd/new_puck/analysis/xgs/xg_model_nested.joblib'

Backfill Complete!
Config: Mode=aggressive, Workers=1, Platform=Pi
--- Starting Daily Update for Season 20252026 ---
DEBUG: get_season finished. Found 1340 games for 20252026 matching prefix 2025
_season: starting fetch for season=20252026, team=all, games=1340, workers=4, use_cache=True
Fetching feeds: 1/1340
Fetching feeds: 2/1340
Fetching feeds: 3/1340
Fetching feeds: 4/1340
Fetching feeds: 5/1340
Fetching feeds: 6/1340
Fetching feeds: 7/1340
Fetching feeds: 8/1340
Fetching feeds: 9/1340
Fetching feeds: 10/1340
Fetching feeds: 11/1340
Fetching feeds: 12/1340
Fetching feeds: 13/1340
Fetching feeds: 14/1340
Fetching feeds: 15/1340
Fetching feeds: 16/1340
Fetching feeds: 17/1340
Fetching feeds: 18/1340
Fetching feeds: 19/1340
Fetching feeds: 20/1340
Fetching feeds: 21/1340
Fetching feeds: 22/1340
Fetching feeds: 23/1340
Fetching feeds: 24/1340
Fetching feeds: 25/1340
Fetching feeds: 26/1340
Fetching feeds: 27/1340
Fetching feeds: 28/1340
Fetching feeds: 29/1340
Fetching feeds: 30/1340
Fetching feeds: 31/1340
Fetching feeds: 32/1340
Fetching feeds: 33/1340
Fetching feeds: 34/1340
Fetching feeds: 35/1340
Fetching feeds: 36/1340
Fetching feeds: 37/1340
Fetching feeds: 38/1340
Fetching feeds: 39/1340
Fetching feeds: 40/1340
Fetching feeds: 41/1340
Fetching feeds: 42/1340
Fetching feeds: 43/1340
Fetching feeds: 44/1340
Fetching feeds: 45/1340
Fetching feeds: 46/1340
Fetching feeds: 47/1340
Fetching feeds: 48/1340
Fetching feeds: 49/1340
Fetching feeds: 50/1340
Fetching feeds: 51/1340
Fetching feeds: 52/1340
Fetching feeds: 53/1340
Fetching feeds: 54/1340
Fetching feeds: 55/1340
Fetching feeds: 56/1340
Fetching feeds: 57/1340
Fetching feeds: 58/1340
Fetching feeds: 59/1340
Fetching feeds: 60/1340
Fetching feeds: 61/1340
Fetching feeds: 62/1340
Fetching feeds: 63/1340
Fetching feeds: 64/1340
Fetching feeds: 65/1340
Fetching feeds: 66/1340
Fetching feeds: 67/1340
Fetching feeds: 68/1340
Fetching feeds: 69/1340
Fetching feeds: 70/1340
Fetching feeds: 71/1340
Fetching feeds: 72/1340
Fetching feeds: 73/1340
Fetching feeds: 74/1340
Fetching feeds: 75/1340
Fetching feeds: 76/1340
Fetching feeds: 77/1340
Fetching feeds: 78/1340
Fetching feeds: 79/1340
Fetching feeds: 80/1340
Fetching feeds: 81/1340
Fetching feeds: 82/1340
Fetching feeds: 83/1340
Fetching feeds: 84/1340
Fetching feeds: 85/1340
